<?xml version="1.0" encoding="UTF-8"?>
<!-- Generated by org.testng.reporters.JUnitReportReporter -->
<testsuite hostname="LAPTOP-1NG7TKCS" failures="0" tests="2" name="learnTestng.TestNG1" time="10.637" errors="0" timestamp="2021-07-24T11:11:27 CDT" skipped="0">
  <testcase classname="learnTestng.TestNG1" name="loginTest" time="4.662"/>
  <system-out/>
  <testcase classname="learnTestng.TestNG1" name="addCustomer" time="5.975"/>
  <system-out/>
</testsuite> <!-- learnTestng.TestNG1 -->
